#         ----- DISOPRED version 3.1 -----
# Disordered residues are marked with asterisks (*)
#    Ordered residues are marked with dots (.)
    1 G . 0.21
    2 L . 0.09
    3 S . 0.06
    4 D . 0.04
    5 G . 0.02
    6 E . 0.02
    7 W . 0.01
    8 Q . 0.02
    9 Q . 0.01
   10 V . 0.01
   11 L . 0.02
   12 N . 0.02
   13 V . 0.02
   14 W . 0.02
   15 G . 0.02
   16 K . 0.02
   17 V . 0.02
   18 E . 0.03
   19 A . 0.03
   20 D . 0.03
   21 I . 0.02
   22 A . 0.02
   23 G . 0.02
   24 H . 0.02
   25 G . 0.02
   26 Q . 0.02
   27 E . 0.02
   28 V . 0.01
   29 L . 0.01
   30 I . 0.02
   31 R . 0.01
   32 L . 0.02
   33 F . 0.02
   34 T . 0.02
   35 G . 0.02
   36 H . 0.02
   37 P . 0.02
   38 E . 0.03
   39 T . 0.04
   40 L . 0.03
   41 E . 0.04
   42 K . 0.03
   43 F . 0.02
   44 D . 0.03
   45 K . 0.03
   46 F . 0.05
   47 K . 0.05
   48 H . 0.06
   49 L . 0.07
   50 K . 0.08
   51 T . 0.13
   52 E . 0.12
   53 A . 0.12
   54 E . 0.12
   55 M . 0.10
   56 K . 0.09
   57 A . 0.07
   58 S . 0.07
   59 E . 0.06
   60 D . 0.04
   61 L . 0.03
   62 K . 0.02
   63 K . 0.02
   64 H . 0.01
   65 G . 0.01
   66 T . 0.01
   67 V . 0.01
   68 V . 0.01
   69 L . 0.01
   70 T . 0.01
   71 A . 0.01
   72 L . 0.01
   73 G . 0.01
   74 G . 0.01
   75 I . 0.01
   76 L . 0.01
   77 K . 0.01
   78 K . 0.01
   79 K . 0.01
   80 G . 0.01
   81 H . 0.01
   82 H . 0.01
   83 E . 0.01
   84 A . 0.01
   85 E . 0.01
   86 L . 0.01
   87 K . 0.02
   88 P . 0.02
   89 L . 0.02
   90 A . 0.03
   91 Q . 0.04
   92 S . 0.04
   93 H . 0.03
   94 A . 0.03
   95 T . 0.02
   96 K . 0.02
   97 H . 0.01
   98 K . 0.01
   99 I . 0.01
  100 P . 0.01
  101 I . 0.01
  102 K . 0.01
  103 Y . 0.01
  104 L . 0.01
  105 E . 0.01
  106 F . 0.01
  107 I . 0.01
  108 S . 0.01
  109 D . 0.01
  110 A . 0.01
  111 I . 0.01
  112 I . 0.01
  113 H . 0.01
  114 V . 0.01
  115 L . 0.01
  116 H . 0.01
  117 S . 0.01
  118 K . 0.01
  119 H . 0.01
  120 P . 0.01
  121 G . 0.01
  122 D . 0.01
  123 F . 0.01
  124 G . 0.01
  125 A . 0.01
  126 D . 0.01
  127 A . 0.01
  128 Q . 0.01
  129 G . 0.01
  130 A . 0.01
  131 M . 0.01
  132 T . 0.01
  133 K . 0.01
  134 A . 0.01
  135 L . 0.01
  136 E . 0.01
  137 L . 0.01
  138 F . 0.01
  139 R . 0.01
  140 N . 0.01
  141 D . 0.02
  142 I . 0.02
  143 A . 0.03
  144 A . 0.05
  145 K . 0.07
  146 Y . 0.10
  147 K . 0.09
  148 E . 0.15
  149 L . 0.15
  150 G . 0.20
  151 F . 0.25
  152 Q . 0.35
  153 G * 0.52
